<?xml version="1.0" encoding="UTF-8"?>
<coverage generated="1607193491">
  <project timestamp="1607193491">
    <file name="D:\NetBeansProjects\PHP\Date\src\Rebelo\Date\Client.php">
      <class name="Rebelo\Date\Client" namespace="global">
        <metrics complexity="12" methods="6" coveredmethods="4" conditionals="0" coveredconditionals="0" statements="25" coveredstatements="22" elements="31" coveredelements="26"/>
      </class>
      <line num="31" type="method" name="__construct" visibility="public" complexity="1" crap="1" count="2"/>
      <line num="33" type="stmt" count="2"/>
      <line num="34" type="stmt" count="2"/>
      <line num="45" type="method" name="getTime" visibility="public" complexity="4" crap="4.06" count="2"/>
      <line num="47" type="stmt" count="2"/>
      <line num="48" type="stmt" count="2"/>
      <line num="50" type="stmt" count="2"/>
      <line num="51" type="stmt" count="2"/>
      <line num="52" type="stmt" count="0"/>
      <line num="55" type="stmt" count="2"/>
      <line num="57" type="stmt" count="2"/>
      <line num="59" type="stmt" count="2"/>
      <line num="61" type="stmt" count="2"/>
      <line num="62" type="stmt" count="1"/>
      <line num="63" type="stmt" count="1"/>
      <line num="64" type="stmt" count="0"/>
      <line num="67" type="stmt" count="2"/>
      <line num="78" type="method" name="write" visibility="protected" complexity="1" crap="1" count="2"/>
      <line num="80" type="stmt" count="2"/>
      <line num="81" type="stmt" count="2"/>
      <line num="89" type="method" name="read" visibility="protected" complexity="1" crap="1" count="2"/>
      <line num="91" type="stmt" count="2"/>
      <line num="100" type="method" name="buildPacket" visibility="protected" complexity="1" crap="1" count="2"/>
      <line num="102" type="stmt" count="2"/>
      <line num="103" type="stmt" count="2"/>
      <line num="105" type="stmt" count="2"/>
      <line num="117" type="method" name="unpack" visibility="protected" complexity="4" crap="4.25" count="2"/>
      <line num="119" type="stmt" count="2"/>
      <line num="120" type="stmt" count="2"/>
      <line num="121" type="stmt" count="0"/>
      <line num="123" type="stmt" count="2"/>
      <line num="125" type="stmt" count="1"/>
      <metrics loc="124" ncloc="64" classes="1" methods="6" coveredmethods="4" conditionals="0" coveredconditionals="0" statements="25" coveredstatements="22" elements="31" coveredelements="26"/>
    </file>
    <file name="D:\NetBeansProjects\PHP\Date\src\Rebelo\Date\Date.php">
      <class name="Rebelo\Date\Date" namespace="global">
        <metrics complexity="69" methods="37" coveredmethods="30" conditionals="0" coveredconditionals="0" statements="164" coveredstatements="153" elements="201" coveredelements="183"/>
      </class>
      <line num="394" type="method" name="__construct" visibility="public" complexity="1" crap="1" count="44"/>
      <line num="398" type="stmt" count="44"/>
      <line num="399" type="stmt" count="44"/>
      <line num="401" type="stmt" count="44"/>
      <line num="417" type="method" name="parse" visibility="public" complexity="11" crap="11.17" count="27"/>
      <line num="421" type="stmt" count="27"/>
      <line num="422" type="stmt" count="27"/>
      <line num="423" type="stmt" count="27"/>
      <line num="425" type="stmt" count="27"/>
      <line num="426" type="stmt" count="27"/>
      <line num="428" type="stmt" count="4"/>
      <line num="429" type="stmt" count="4"/>
      <line num="430" type="stmt" count="4"/>
      <line num="432" type="stmt" count="4"/>
      <line num="433" type="stmt" count="4"/>
      <line num="435" type="stmt" count="4"/>
      <line num="437" type="stmt" count="4"/>
      <line num="441" type="stmt" count="23"/>
      <line num="442" type="stmt" count="0"/>
      <line num="445" type="stmt" count="23"/>
      <line num="446" type="stmt" count="23"/>
      <line num="451" type="stmt" count="23"/>
      <line num="453" type="stmt" count="23"/>
      <line num="454" type="stmt" count="0"/>
      <line num="457" type="stmt" count="23"/>
      <line num="458" type="stmt" count="12"/>
      <line num="461" type="stmt" count="13"/>
      <line num="463" type="stmt" count="13"/>
      <line num="464" type="stmt" count="0"/>
      <line num="467" type="stmt" count="13"/>
      <line num="468" type="stmt" count="5"/>
      <line num="472" type="stmt" count="23"/>
      <line num="484" type="method" name="createFromFormat" visibility="public" complexity="1" crap="1" count="13"/>
      <line num="488" type="stmt" count="13"/>
      <line num="500" type="method" name="format" visibility="public" complexity="2" crap="2.06" count="29"/>
      <line num="502" type="stmt" count="29"/>
      <line num="503" type="stmt" count="29"/>
      <line num="504" type="stmt" count="0"/>
      <line num="506" type="stmt" count="29"/>
      <line num="518" type="method" name="add" visibility="public" complexity="2" crap="2.01" count="7"/>
      <line num="520" type="stmt" count="7"/>
      <line num="521" type="stmt" count="7"/>
      <line num="523" type="stmt" count="7"/>
      <line num="524" type="stmt" count="0"/>
      <line num="527" type="stmt" count="7"/>
      <line num="528" type="stmt" count="7"/>
      <line num="529" type="stmt" count="7"/>
      <line num="541" type="method" name="sub" visibility="public" complexity="2" crap="2.01" count="7"/>
      <line num="543" type="stmt" count="7"/>
      <line num="544" type="stmt" count="7"/>
      <line num="545" type="stmt" count="7"/>
      <line num="546" type="stmt" count="0"/>
      <line num="548" type="stmt" count="7"/>
      <line num="549" type="stmt" count="7"/>
      <line num="550" type="stmt" count="7"/>
      <line num="563" type="method" name="diff" visibility="public" complexity="1" crap="1" count="1"/>
      <line num="565" type="stmt" count="1"/>
      <line num="573" type="method" name="getOffset" visibility="public" complexity="1" crap="1" count="1"/>
      <line num="575" type="stmt" count="1"/>
      <line num="584" type="method" name="getTimestamp" visibility="public" complexity="1" crap="1" count="1"/>
      <line num="586" type="stmt" count="1"/>
      <line num="594" type="method" name="getTimezone" visibility="public" complexity="1" crap="1" count="3"/>
      <line num="596" type="stmt" count="3"/>
      <line num="607" type="method" name="modify" visibility="public" complexity="2" crap="2.50" count="1"/>
      <line num="610" type="stmt" count="1"/>
      <line num="611" type="stmt" count="0"/>
      <line num="613" type="stmt" count="0"/>
      <line num="616" type="stmt" count="1"/>
      <line num="628" type="method" name="setDate" visibility="public" complexity="2" crap="2.02" count="7"/>
      <line num="630" type="stmt" count="7"/>
      <line num="631" type="stmt" count="7"/>
      <line num="632" type="stmt" count="7"/>
      <line num="634" type="stmt" count="5"/>
      <line num="635" type="stmt" count="0"/>
      <line num="637" type="stmt" count="5"/>
      <line num="646" type="method" name="setYaer" visibility="public" complexity="1" crap="1" count="2"/>
      <line num="648" type="stmt" count="2"/>
      <line num="649" type="stmt" count="2"/>
      <line num="650" type="stmt" count="2"/>
      <line num="651" type="stmt" count="2"/>
      <line num="660" type="method" name="setMonth" visibility="public" complexity="1" crap="1" count="1"/>
      <line num="662" type="stmt" count="1"/>
      <line num="663" type="stmt" count="1"/>
      <line num="664" type="stmt" count="1"/>
      <line num="665" type="stmt" count="1"/>
      <line num="674" type="method" name="setDay" visibility="public" complexity="1" crap="1" count="1"/>
      <line num="676" type="stmt" count="1"/>
      <line num="677" type="stmt" count="1"/>
      <line num="678" type="stmt" count="1"/>
      <line num="679" type="stmt" count="1"/>
      <line num="693" type="method" name="setISODate" visibility="public" complexity="1" crap="1" count="1"/>
      <line num="695" type="stmt" count="1"/>
      <line num="696" type="stmt" count="1"/>
      <line num="709" type="method" name="setTime" visibility="public" complexity="9" crap="9" count="30"/>
      <line num="713" type="stmt" count="30"/>
      <line num="714" type="stmt" count="2"/>
      <line num="717" type="stmt" count="28"/>
      <line num="718" type="stmt" count="2"/>
      <line num="721" type="stmt" count="26"/>
      <line num="722" type="stmt" count="2"/>
      <line num="725" type="stmt" count="24"/>
      <line num="726" type="stmt" count="2"/>
      <line num="729" type="stmt" count="22"/>
      <line num="730" type="stmt" count="22"/>
      <line num="741" type="method" name="setHour" visibility="public" complexity="1" crap="1" count="1"/>
      <line num="743" type="stmt" count="1"/>
      <line num="744" type="stmt" count="1"/>
      <line num="745" type="stmt" count="1"/>
      <line num="746" type="stmt" count="1"/>
      <line num="747" type="stmt" count="1"/>
      <line num="758" type="method" name="setMinutes" visibility="public" complexity="1" crap="1" count="1"/>
      <line num="760" type="stmt" count="1"/>
      <line num="761" type="stmt" count="1"/>
      <line num="762" type="stmt" count="1"/>
      <line num="763" type="stmt" count="1"/>
      <line num="764" type="stmt" count="1"/>
      <line num="775" type="method" name="setSeconds" visibility="public" complexity="1" crap="1" count="1"/>
      <line num="777" type="stmt" count="1"/>
      <line num="778" type="stmt" count="1"/>
      <line num="779" type="stmt" count="1"/>
      <line num="780" type="stmt" count="1"/>
      <line num="781" type="stmt" count="1"/>
      <line num="792" type="method" name="setMicroseconds" visibility="public" complexity="1" crap="1" count="6"/>
      <line num="794" type="stmt" count="6"/>
      <line num="795" type="stmt" count="6"/>
      <line num="796" type="stmt" count="6"/>
      <line num="797" type="stmt" count="6"/>
      <line num="798" type="stmt" count="6"/>
      <line num="807" type="method" name="setTimestamp" visibility="public" complexity="1" crap="1" count="1"/>
      <line num="809" type="stmt" count="1"/>
      <line num="810" type="stmt" count="1"/>
      <line num="821" type="method" name="setTimezone" visibility="public" complexity="1" crap="1" count="3"/>
      <line num="823" type="stmt" count="3"/>
      <line num="824" type="stmt" count="3"/>
      <line num="836" type="method" name="addYears" visibility="public" complexity="2" crap="2" count="1"/>
      <line num="838" type="stmt" count="1"/>
      <line num="839" type="stmt" count="1"/>
      <line num="840" type="stmt" count="1"/>
      <line num="841" type="stmt" count="1"/>
      <line num="845" type="stmt" count="1"/>
      <line num="846" type="stmt" count="1"/>
      <line num="858" type="method" name="addMonths" visibility="public" complexity="2" crap="2" count="1"/>
      <line num="860" type="stmt" count="1"/>
      <line num="861" type="stmt" count="1"/>
      <line num="862" type="stmt" count="1"/>
      <line num="863" type="stmt" count="1"/>
      <line num="867" type="stmt" count="1"/>
      <line num="868" type="stmt" count="1"/>
      <line num="880" type="method" name="addDays" visibility="public" complexity="2" crap="2" count="1"/>
      <line num="882" type="stmt" count="1"/>
      <line num="883" type="stmt" count="1"/>
      <line num="884" type="stmt" count="1"/>
      <line num="885" type="stmt" count="1"/>
      <line num="889" type="stmt" count="1"/>
      <line num="890" type="stmt" count="1"/>
      <line num="902" type="method" name="addHours" visibility="public" complexity="2" crap="2" count="1"/>
      <line num="904" type="stmt" count="1"/>
      <line num="905" type="stmt" count="1"/>
      <line num="906" type="stmt" count="1"/>
      <line num="907" type="stmt" count="1"/>
      <line num="911" type="stmt" count="1"/>
      <line num="912" type="stmt" count="1"/>
      <line num="924" type="method" name="addMinutes" visibility="public" complexity="2" crap="2" count="1"/>
      <line num="926" type="stmt" count="1"/>
      <line num="927" type="stmt" count="1"/>
      <line num="928" type="stmt" count="1"/>
      <line num="929" type="stmt" count="1"/>
      <line num="933" type="stmt" count="1"/>
      <line num="934" type="stmt" count="1"/>
      <line num="946" type="method" name="addSeconds" visibility="public" complexity="2" crap="2" count="1"/>
      <line num="948" type="stmt" count="1"/>
      <line num="949" type="stmt" count="1"/>
      <line num="950" type="stmt" count="1"/>
      <line num="951" type="stmt" count="1"/>
      <line num="955" type="stmt" count="1"/>
      <line num="956" type="stmt" count="1"/>
      <line num="967" type="method" name="toDateTime" visibility="public" complexity="1" crap="1" count="21"/>
      <line num="969" type="stmt" count="21"/>
      <line num="976" type="method" name="__clone" visibility="public" complexity="1" crap="1" count="1"/>
      <line num="978" type="stmt" count="1"/>
      <line num="979" type="stmt" count="1"/>
      <line num="987" type="method" name="isEarlier" visibility="public" complexity="1" crap="1" count="4"/>
      <line num="989" type="stmt" count="4"/>
      <line num="998" type="method" name="isLater" visibility="public" complexity="1" crap="1" count="4"/>
      <line num="1000" type="stmt" count="4"/>
      <line num="1009" type="method" name="isEqual" visibility="public" complexity="1" crap="1" count="4"/>
      <line num="1011" type="stmt" count="4"/>
      <line num="1020" type="method" name="isEarlierOrEqual" visibility="public" complexity="1" crap="1" count="4"/>
      <line num="1022" type="stmt" count="4"/>
      <line num="1031" type="method" name="isLaterOrEqual" visibility="public" complexity="1" crap="1" count="4"/>
      <line num="1033" type="stmt" count="4"/>
      <line num="1046" type="method" name="ntp" visibility="public" complexity="4" crap="4.18" count="2"/>
      <line num="1050" type="stmt" count="2"/>
      <line num="1051" type="stmt" count="2"/>
      <line num="1053" type="stmt" count="1"/>
      <line num="1056" type="stmt" count="2"/>
      <line num="1058" type="stmt" count="2"/>
      <line num="1059" type="stmt" count="2"/>
      <line num="1060" type="stmt" count="2"/>
      <line num="1061" type="stmt" count="0"/>
      <line num="1065" type="stmt" count="0"/>
      <metrics loc="1066" ncloc="496" classes="1" methods="37" coveredmethods="30" conditionals="0" coveredconditionals="0" statements="164" coveredstatements="153" elements="201" coveredelements="183"/>
    </file>
    <file name="D:\NetBeansProjects\PHP\Date\src\Rebelo\Date\DateException.php">
      <class name="Rebelo\Date\DateException" namespace="global">
        <metrics complexity="1" methods="1" coveredmethods="1" conditionals="0" coveredconditionals="0" statements="2" coveredstatements="2" elements="3" coveredelements="3"/>
      </class>
      <line num="27" type="method" name="__construct" visibility="public" complexity="1" crap="1" count="8"/>
      <line num="33" type="stmt" count="8"/>
      <line num="34" type="stmt" count="8"/>
      <metrics loc="35" ncloc="19" classes="1" methods="1" coveredmethods="1" conditionals="0" coveredconditionals="0" statements="2" coveredstatements="2" elements="3" coveredelements="3"/>
    </file>
    <file name="D:\NetBeansProjects\PHP\Date\src\Rebelo\Date\DateFormatException.php">
      <class name="Rebelo\Date\DateFormatException" namespace="global">
        <metrics complexity="1" methods="1" coveredmethods="0" conditionals="0" coveredconditionals="0" statements="2" coveredstatements="0" elements="3" coveredelements="0"/>
      </class>
      <line num="27" type="method" name="__construct" visibility="public" complexity="1" crap="2" count="0"/>
      <line num="33" type="stmt" count="0"/>
      <line num="34" type="stmt" count="0"/>
      <metrics loc="35" ncloc="19" classes="1" methods="1" coveredmethods="0" conditionals="0" coveredconditionals="0" statements="2" coveredstatements="0" elements="3" coveredelements="0"/>
    </file>
    <file name="D:\NetBeansProjects\PHP\Date\src\Rebelo\Date\DateInterval.php">
      <class name="Rebelo\Date\DateInterval" namespace="global">
        <metrics complexity="2" methods="1" coveredmethods="0" conditionals="0" coveredconditionals="0" statements="7" coveredstatements="2" elements="8" coveredelements="2"/>
      </class>
      <line num="32" type="method" name="__construct" visibility="public" complexity="2" crap="3.46" count="8"/>
      <line num="35" type="stmt" count="8"/>
      <line num="36" type="stmt" count="0"/>
      <line num="37" type="stmt" count="0"/>
      <line num="38" type="stmt" count="0"/>
      <line num="39" type="stmt" count="0"/>
      <line num="40" type="stmt" count="0"/>
      <line num="43" type="stmt" count="8"/>
      <metrics loc="44" ncloc="23" classes="1" methods="1" coveredmethods="0" conditionals="0" coveredconditionals="0" statements="7" coveredstatements="2" elements="8" coveredelements="2"/>
    </file>
    <file name="D:\NetBeansProjects\PHP\Date\src\Rebelo\Date\DateIntervalException.php">
      <class name="Rebelo\Date\DateIntervalException" namespace="global">
        <metrics complexity="1" methods="1" coveredmethods="0" conditionals="0" coveredconditionals="0" statements="2" coveredstatements="0" elements="3" coveredelements="0"/>
      </class>
      <line num="27" type="method" name="__construct" visibility="public" complexity="1" crap="2" count="0"/>
      <line num="33" type="stmt" count="0"/>
      <line num="34" type="stmt" count="0"/>
      <metrics loc="35" ncloc="19" classes="1" methods="1" coveredmethods="0" conditionals="0" coveredconditionals="0" statements="2" coveredstatements="0" elements="3" coveredelements="0"/>
    </file>
    <file name="D:\NetBeansProjects\PHP\Date\src\Rebelo\Date\DateNtpException.php">
      <class name="Rebelo\Date\DateNtpException" namespace="global">
        <metrics complexity="1" methods="1" coveredmethods="0" conditionals="0" coveredconditionals="0" statements="2" coveredstatements="0" elements="3" coveredelements="0"/>
      </class>
      <line num="27" type="method" name="__construct" visibility="public" complexity="1" crap="2" count="0"/>
      <line num="33" type="stmt" count="0"/>
      <line num="34" type="stmt" count="0"/>
      <metrics loc="35" ncloc="19" classes="1" methods="1" coveredmethods="0" conditionals="0" coveredconditionals="0" statements="2" coveredstatements="0" elements="3" coveredelements="0"/>
    </file>
    <file name="D:\NetBeansProjects\PHP\Date\src\Rebelo\Date\DateParseException.php">
      <class name="Rebelo\Date\DateParseException" namespace="global">
        <metrics complexity="1" methods="1" coveredmethods="1" conditionals="0" coveredconditionals="0" statements="2" coveredstatements="2" elements="3" coveredelements="3"/>
      </class>
      <line num="27" type="method" name="__construct" visibility="public" complexity="1" crap="1" count="4"/>
      <line num="33" type="stmt" count="4"/>
      <line num="34" type="stmt" count="4"/>
      <metrics loc="35" ncloc="19" classes="1" methods="1" coveredmethods="1" conditionals="0" coveredconditionals="0" statements="2" coveredstatements="2" elements="3" coveredelements="3"/>
    </file>
    <file name="D:\NetBeansProjects\PHP\Date\src\Rebelo\Date\Socket.php">
      <class name="Rebelo\Date\Socket" namespace="global">
        <metrics complexity="18" methods="9" coveredmethods="5" conditionals="0" coveredconditionals="0" statements="36" coveredstatements="28" elements="45" coveredelements="33"/>
      </class>
      <line num="50" type="method" name="__construct" visibility="public" complexity="1" crap="1" count="2"/>
      <line num="52" type="stmt" count="2"/>
      <line num="53" type="stmt" count="2"/>
      <line num="55" type="stmt" count="2"/>
      <line num="56" type="stmt" count="2"/>
      <line num="66" type="method" name="write" visibility="public" complexity="1" crap="1" count="2"/>
      <line num="68" type="stmt" count="2"/>
      <line num="69" type="stmt" count="2"/>
      <line num="78" type="method" name="read" visibility="public" complexity="5" crap="5.51" count="2"/>
      <line num="80" type="stmt" count="2"/>
      <line num="82" type="stmt" count="2"/>
      <line num="83" type="stmt" count="0"/>
      <line num="86" type="stmt" count="2"/>
      <line num="87" type="stmt" count="2"/>
      <line num="89" type="stmt" count="2"/>
      <line num="91" type="stmt" count="2"/>
      <line num="92" type="stmt" count="0"/>
      <line num="95" type="stmt" count="2"/>
      <line num="96" type="stmt" count="0"/>
      <line num="99" type="stmt" count="2"/>
      <line num="108" type="method" name="close" visibility="public" complexity="1" crap="1" count="2"/>
      <line num="110" type="stmt" count="2"/>
      <line num="111" type="stmt" count="2"/>
      <line num="112" type="stmt" count="2"/>
      <line num="120" type="method" name="isConnected" visibility="public" complexity="2" crap="2" count="2"/>
      <line num="122" type="stmt" count="2"/>
      <line num="131" type="method" name="getAddress" visibility="public" complexity="2" crap="6" count="0"/>
      <line num="133" type="stmt" count="0"/>
      <line num="134" type="stmt" count="0"/>
      <line num="136" type="stmt" count="0"/>
      <line num="147" type="method" name="resolveAddress" visibility="protected" complexity="2" crap="2.06" count="2"/>
      <line num="149" type="stmt" count="2"/>
      <line num="150" type="stmt" count="0"/>
      <line num="153" type="stmt" count="2"/>
      <line num="154" type="stmt" count="2"/>
      <line num="163" type="method" name="getMetadata" visibility="protected" complexity="1" crap="1" count="2"/>
      <line num="165" type="stmt" count="2"/>
      <line num="174" type="method" name="connect" visibility="private" complexity="3" crap="3.03" count="2"/>
      <line num="176" type="stmt" count="2"/>
      <line num="177" type="stmt" count="2"/>
      <line num="178" type="stmt" count="2"/>
      <line num="181" type="stmt" count="2"/>
      <line num="182" type="stmt" count="0"/>
      <line num="185" type="stmt" count="2"/>
      <line num="187" type="stmt" count="2"/>
      <line num="188" type="stmt" count="1"/>
      <metrics loc="187" ncloc="99" classes="1" methods="9" coveredmethods="5" conditionals="0" coveredconditionals="0" statements="36" coveredstatements="28" elements="45" coveredelements="33"/>
    </file>
    <metrics files="9" loc="1596" ncloc="777" classes="9" methods="58" coveredmethods="41" conditionals="0" coveredconditionals="0" statements="242" coveredstatements="209" elements="300" coveredelements="250"/>
  </project>
</coverage>
